<?xml version="1.0" encoding="utf-8"?>
<coverage line-rate="1" branch-rate="1" version="1.9" timestamp="1648215060" lines-covered="2" lines-valid="2" branches-covered="0" branches-valid="0">
  <sources>
    <source>/</source>
  </sources>
  <packages>
    <package name="SimpleMath" line-rate="1" branch-rate="1" complexity="2">
      <classes>
        <class name="SimpleMath.SimpleMathClass" filename="Users/rahelund/C#/Fluent Assertions/SimpleMath/SimpleMath.cs" line-rate="1" branch-rate="1" complexity="2">
          <methods>
            <method name="Add" signature="(System.Int32,System.Int32)" line-rate="1" branch-rate="1" complexity="1">
              <lines>
                <line number="4" hits="1" branch="False" />
              </lines>
            </method>
            <method name="Subtract" signature="(System.Int32,System.Int32)" line-rate="1" branch-rate="1" complexity="1">
              <lines>
                <line number="5" hits="3" branch="False" />
              </lines>
            </method>
          </methods>
          <lines>
            <line number="4" hits="1" branch="False" />
            <line number="5" hits="3" branch="False" />
          </lines>
        </class>
      </classes>
    </package>
  </packages>
</coverage>